[9.697s] Invoking command in '/home/user/ros2_ws/src/my_rb1_robot/my_rb1_gazebo': PYTHONPATH=/home/user/ros2_ws/src/my_rb1_robot/build/my_rb1_gazebo/prefix_override:/usr/lib/python3/dist-packages/colcon_core/task/python/colcon_distutils_commands:/home/user/ros2_ws/src/my_rb1_robot/install/my_rb1_gazebo/lib/python3.10/site-packages:${PYTHONPATH} _=/usr/bin/env /usr/bin/python3 -W ignore:setup.py install is deprecated -W ignore:easy_install command is deprecated setup.py egg_info --egg-base ../build/my_rb1_gazebo build --build-base /home/user/ros2_ws/src/my_rb1_robot/build/my_rb1_gazebo/build install --record /home/user/ros2_ws/src/my_rb1_robot/build/my_rb1_gazebo/install.log --single-version-externally-managed install_data
[9.944s] /usr/local/lib/python3.10/dist-packages/setuptools/_distutils/dist.py:289: UserWarning: Unknown distribution option: 'tests_require'
[9.944s]   warnings.warn(msg)
[10.056s] running egg_info
[10.075s] creating ../build/my_rb1_gazebo/my_rb1_gazebo.egg-info
[10.075s] writing ../build/my_rb1_gazebo/my_rb1_gazebo.egg-info/PKG-INFO
[10.075s] writing dependency_links to ../build/my_rb1_gazebo/my_rb1_gazebo.egg-info/dependency_links.txt
[10.076s] writing requirements to ../build/my_rb1_gazebo/my_rb1_gazebo.egg-info/requires.txt
[10.076s] writing top-level names to ../build/my_rb1_gazebo/my_rb1_gazebo.egg-info/top_level.txt
[10.076s] writing manifest file '../build/my_rb1_gazebo/my_rb1_gazebo.egg-info/SOURCES.txt'
[10.115s] reading manifest file '../build/my_rb1_gazebo/my_rb1_gazebo.egg-info/SOURCES.txt'
[10.116s] writing manifest file '../build/my_rb1_gazebo/my_rb1_gazebo.egg-info/SOURCES.txt'
[10.116s] running build
[10.116s] running build_py
[10.116s] creating /home/user/ros2_ws/src/my_rb1_robot/build/my_rb1_gazebo/build/lib/my_rb1_gazebo
[10.116s] copying my_rb1_gazebo/__init__.py -> /home/user/ros2_ws/src/my_rb1_robot/build/my_rb1_gazebo/build/lib/my_rb1_gazebo
[10.117s] running install
[10.121s] running install_lib
[10.140s] creating /home/user/ros2_ws/src/my_rb1_robot/install/my_rb1_gazebo/lib/python3.10/site-packages/my_rb1_gazebo
[10.141s] copying /home/user/ros2_ws/src/my_rb1_robot/build/my_rb1_gazebo/build/lib/my_rb1_gazebo/__init__.py -> /home/user/ros2_ws/src/my_rb1_robot/install/my_rb1_gazebo/lib/python3.10/site-packages/my_rb1_gazebo
[10.141s] byte-compiling /home/user/ros2_ws/src/my_rb1_robot/install/my_rb1_gazebo/lib/python3.10/site-packages/my_rb1_gazebo/__init__.py to __init__.cpython-310.pyc
[10.142s] running install_data
[10.142s] creating /home/user/ros2_ws/src/my_rb1_robot/install/my_rb1_gazebo/share/ament_index/resource_index/packages
[10.142s] copying resource/my_rb1_gazebo -> /home/user/ros2_ws/src/my_rb1_robot/install/my_rb1_gazebo/share/ament_index/resource_index/packages
[10.142s] copying package.xml -> /home/user/ros2_ws/src/my_rb1_robot/install/my_rb1_gazebo/share/my_rb1_gazebo
[10.143s] running install_egg_info
[10.163s] Copying ../build/my_rb1_gazebo/my_rb1_gazebo.egg-info to /home/user/ros2_ws/src/my_rb1_robot/install/my_rb1_gazebo/lib/python3.10/site-packages/my_rb1_gazebo-0.0.0-py3.10.egg-info
[10.163s] running install_scripts
[10.326s] writing list of installed files to '/home/user/ros2_ws/src/my_rb1_robot/build/my_rb1_gazebo/install.log'
[10.375s] Invoked command in '/home/user/ros2_ws/src/my_rb1_robot/my_rb1_gazebo' returned '0': PYTHONPATH=/home/user/ros2_ws/src/my_rb1_robot/build/my_rb1_gazebo/prefix_override:/usr/lib/python3/dist-packages/colcon_core/task/python/colcon_distutils_commands:/home/user/ros2_ws/src/my_rb1_robot/install/my_rb1_gazebo/lib/python3.10/site-packages:${PYTHONPATH} _=/usr/bin/env /usr/bin/python3 -W ignore:setup.py install is deprecated -W ignore:easy_install command is deprecated setup.py egg_info --egg-base ../build/my_rb1_gazebo build --build-base /home/user/ros2_ws/src/my_rb1_robot/build/my_rb1_gazebo/build install --record /home/user/ros2_ws/src/my_rb1_robot/build/my_rb1_gazebo/install.log --single-version-externally-managed install_data
