[10.313s] DEBUG:colcon:Command line arguments: ['/usr/bin/colcon', 'build']
[10.313s] DEBUG:colcon:Parsed command line arguments: Namespace(log_base=None, log_level=None, verb_name='build', build_base='build', install_base='install', merge_install=False, symlink_install=False, test_result_base=None, continue_on_error=False, executor='parallel', parallel_workers=8, event_handlers=None, ignore_user_meta=False, metas=['./colcon.meta'], base_paths=['.'], packages_ignore=None, packages_ignore_regex=None, paths=None, packages_up_to=None, packages_up_to_regex=None, packages_above=None, packages_above_and_dependencies=None, packages_above_depth=None, packages_select_by_dep=None, packages_skip_by_dep=None, packages_skip_up_to=None, packages_select_build_failed=False, packages_skip_build_finished=False, packages_select_test_failures=False, packages_skip_test_passed=False, packages_select=None, packages_skip=None, packages_select_regex=None, packages_skip_regex=None, packages_start=None, packages_end=None, lookup_in_workspace=False, cargo_args=None, clean_build=False, cmake_args=None, cmake_target=None, cmake_target_skip_unavailable=False, cmake_clean_cache=False, cmake_clean_first=False, cmake_force_configure=False, ament_cmake_args=None, catkin_cmake_args=None, catkin_skip_building_tests=False, mixin_files=None, mixin=None, verb_parser=<colcon_mixin.mixin.mixin_argument.MixinArgumentDecorator object at 0x7f11299688b0>, verb_extension=<colcon_core.verb.build.BuildVerb object at 0x7f1129968100>, main=<bound method BuildVerb.main of <colcon_core.verb.build.BuildVerb object at 0x7f1129968100>>, mixin_verb=('build',))
[10.847s] Level 1:colcon.colcon_core.package_discovery:discover_packages(colcon_meta) check parameters
[10.847s] Level 1:colcon.colcon_core.package_discovery:discover_packages(recursive) check parameters
[10.847s] Level 1:colcon.colcon_core.package_discovery:discover_packages(ignore) check parameters
[10.847s] Level 1:colcon.colcon_core.package_discovery:discover_packages(path) check parameters
[10.847s] Level 1:colcon.colcon_core.package_discovery:discover_packages(colcon_meta) discover
[10.847s] Level 1:colcon.colcon_core.package_discovery:discover_packages(recursive) discover
[10.848s] INFO:colcon.colcon_core.package_discovery:Crawling recursively for packages in '/home/user/ros2_ws/src/my_rb1_robot'
[10.848s] Level 1:colcon.colcon_core.package_identification:_identify(.) by extensions ['ignore', 'ignore_ament_install']
[10.848s] Level 1:colcon.colcon_core.package_identification:_identify(.) by extension 'ignore'
[10.848s] Level 1:colcon.colcon_core.package_identification:_identify(.) by extension 'ignore_ament_install'
[10.848s] Level 1:colcon.colcon_core.package_identification:_identify(.) by extensions ['colcon_pkg']
[10.848s] Level 1:colcon.colcon_core.package_identification:_identify(.) by extension 'colcon_pkg'
[10.848s] Level 1:colcon.colcon_core.package_identification:_identify(.) by extensions ['colcon_meta']
[10.848s] Level 1:colcon.colcon_core.package_identification:_identify(.) by extension 'colcon_meta'
[10.848s] Level 1:colcon.colcon_core.package_identification:_identify(.) by extensions ['ament_cargo']
[10.848s] Level 1:colcon.colcon_core.package_identification:_identify(.) by extension 'ament_cargo'
[10.848s] Level 1:colcon.colcon_core.package_identification:_identify(.) by extensions ['ros']
[10.848s] Level 1:colcon.colcon_core.package_identification:_identify(.) by extension 'ros'
[11.351s] Level 1:colcon.colcon_core.package_identification:_identify(.) by extensions ['cargo', 'cmake', 'python']
[11.351s] Level 1:colcon.colcon_core.package_identification:_identify(.) by extension 'cargo'
[11.351s] Level 1:colcon.colcon_core.package_identification:_identify(.) by extension 'cmake'
[11.351s] Level 1:colcon.colcon_core.package_identification:_identify(.) by extension 'python'
[11.351s] Level 1:colcon.colcon_core.package_identification:_identify(.) by extensions ['python_setup_py']
[11.351s] Level 1:colcon.colcon_core.package_identification:_identify(.) by extension 'python_setup_py'
[11.351s] Level 1:colcon.colcon_core.package_identification:_identify(build) by extensions ['ignore', 'ignore_ament_install']
[11.351s] Level 1:colcon.colcon_core.package_identification:_identify(build) by extension 'ignore'
[11.351s] Level 1:colcon.colcon_core.package_identification:_identify(build) ignored
[11.351s] Level 1:colcon.colcon_core.package_identification:_identify(install) by extensions ['ignore', 'ignore_ament_install']
[11.351s] Level 1:colcon.colcon_core.package_identification:_identify(install) by extension 'ignore'
[11.351s] Level 1:colcon.colcon_core.package_identification:_identify(install) ignored
[11.351s] Level 1:colcon.colcon_core.package_identification:_identify(log) by extensions ['ignore', 'ignore_ament_install']
[11.351s] Level 1:colcon.colcon_core.package_identification:_identify(log) by extension 'ignore'
[11.352s] Level 1:colcon.colcon_core.package_identification:_identify(log) ignored
[11.352s] Level 1:colcon.colcon_core.package_identification:_identify(my_rb1_description) by extensions ['ignore', 'ignore_ament_install']
[11.352s] Level 1:colcon.colcon_core.package_identification:_identify(my_rb1_description) by extension 'ignore'
[11.352s] Level 1:colcon.colcon_core.package_identification:_identify(my_rb1_description) by extension 'ignore_ament_install'
[11.352s] Level 1:colcon.colcon_core.package_identification:_identify(my_rb1_description) by extensions ['colcon_pkg']
[11.352s] Level 1:colcon.colcon_core.package_identification:_identify(my_rb1_description) by extension 'colcon_pkg'
[11.352s] Level 1:colcon.colcon_core.package_identification:_identify(my_rb1_description) by extensions ['colcon_meta']
[11.352s] Level 1:colcon.colcon_core.package_identification:_identify(my_rb1_description) by extension 'colcon_meta'
[11.352s] Level 1:colcon.colcon_core.package_identification:_identify(my_rb1_description) by extensions ['ament_cargo']
[11.352s] Level 1:colcon.colcon_core.package_identification:_identify(my_rb1_description) by extension 'ament_cargo'
[11.352s] Level 1:colcon.colcon_core.package_identification:_identify(my_rb1_description) by extensions ['ros']
[11.352s] Level 1:colcon.colcon_core.package_identification:_identify(my_rb1_description) by extension 'ros'
[11.356s] DEBUG:colcon.colcon_core.package_identification:Package 'my_rb1_description' with type 'ros.ament_python' and name 'my_rb1_description'
[11.356s] Level 1:colcon.colcon_core.package_identification:_identify(my_rb1_gazebo) by extensions ['ignore', 'ignore_ament_install']
[11.356s] Level 1:colcon.colcon_core.package_identification:_identify(my_rb1_gazebo) by extension 'ignore'
[11.356s] Level 1:colcon.colcon_core.package_identification:_identify(my_rb1_gazebo) by extension 'ignore_ament_install'
[11.356s] Level 1:colcon.colcon_core.package_identification:_identify(my_rb1_gazebo) by extensions ['colcon_pkg']
[11.356s] Level 1:colcon.colcon_core.package_identification:_identify(my_rb1_gazebo) by extension 'colcon_pkg'
[11.356s] Level 1:colcon.colcon_core.package_identification:_identify(my_rb1_gazebo) by extensions ['colcon_meta']
[11.356s] Level 1:colcon.colcon_core.package_identification:_identify(my_rb1_gazebo) by extension 'colcon_meta'
[11.356s] Level 1:colcon.colcon_core.package_identification:_identify(my_rb1_gazebo) by extensions ['ament_cargo']
[11.356s] Level 1:colcon.colcon_core.package_identification:_identify(my_rb1_gazebo) by extension 'ament_cargo'
[11.356s] Level 1:colcon.colcon_core.package_identification:_identify(my_rb1_gazebo) by extensions ['ros']
[11.356s] Level 1:colcon.colcon_core.package_identification:_identify(my_rb1_gazebo) by extension 'ros'
[11.357s] DEBUG:colcon.colcon_core.package_identification:Package 'my_rb1_gazebo' with type 'ros.ament_python' and name 'my_rb1_gazebo'
[11.357s] Level 1:colcon.colcon_core.package_discovery:discover_packages(recursive) using defaults
[11.357s] Level 1:colcon.colcon_core.package_discovery:discover_packages(ignore) discover
[11.357s] Level 1:colcon.colcon_core.package_discovery:discover_packages(ignore) using defaults
[11.357s] Level 1:colcon.colcon_core.package_discovery:discover_packages(path) discover
[11.357s] Level 1:colcon.colcon_core.package_discovery:discover_packages(path) using defaults
[11.602s] Level 5:colcon.colcon_core.verb:set package 'my_rb1_description' build argument 'lookup_in_workspace' from command line to 'False'
[11.602s] Level 5:colcon.colcon_core.verb:set package 'my_rb1_description' build argument 'cargo_args' from command line to 'None'
[11.602s] Level 5:colcon.colcon_core.verb:set package 'my_rb1_description' build argument 'clean_build' from command line to 'False'
[11.602s] Level 5:colcon.colcon_core.verb:set package 'my_rb1_description' build argument 'cmake_args' from command line to 'None'
[11.602s] Level 5:colcon.colcon_core.verb:set package 'my_rb1_description' build argument 'cmake_target' from command line to 'None'
[11.602s] Level 5:colcon.colcon_core.verb:set package 'my_rb1_description' build argument 'cmake_target_skip_unavailable' from command line to 'False'
[11.602s] Level 5:colcon.colcon_core.verb:set package 'my_rb1_description' build argument 'cmake_clean_cache' from command line to 'False'
[11.602s] Level 5:colcon.colcon_core.verb:set package 'my_rb1_description' build argument 'cmake_clean_first' from command line to 'False'
[11.602s] Level 5:colcon.colcon_core.verb:set package 'my_rb1_description' build argument 'cmake_force_configure' from command line to 'False'
[11.602s] Level 5:colcon.colcon_core.verb:set package 'my_rb1_description' build argument 'ament_cmake_args' from command line to 'None'
[11.602s] Level 5:colcon.colcon_core.verb:set package 'my_rb1_description' build argument 'catkin_cmake_args' from command line to 'None'
[11.602s] Level 5:colcon.colcon_core.verb:set package 'my_rb1_description' build argument 'catkin_skip_building_tests' from command line to 'False'
[11.602s] DEBUG:colcon.colcon_core.verb:Building package 'my_rb1_description' with the following arguments: {'ament_cmake_args': None, 'build_base': '/home/user/ros2_ws/src/my_rb1_robot/build/my_rb1_description', 'cargo_args': None, 'catkin_cmake_args': None, 'catkin_skip_building_tests': False, 'clean_build': False, 'cmake_args': None, 'cmake_clean_cache': False, 'cmake_clean_first': False, 'cmake_force_configure': False, 'cmake_target': None, 'cmake_target_skip_unavailable': False, 'install_base': '/home/user/ros2_ws/src/my_rb1_robot/install/my_rb1_description', 'lookup_in_workspace': False, 'merge_install': False, 'path': '/home/user/ros2_ws/src/my_rb1_robot/my_rb1_description', 'symlink_install': False, 'test_result_base': None}
[11.603s] Level 5:colcon.colcon_core.verb:set package 'my_rb1_gazebo' build argument 'lookup_in_workspace' from command line to 'False'
[11.603s] Level 5:colcon.colcon_core.verb:set package 'my_rb1_gazebo' build argument 'cargo_args' from command line to 'None'
[11.603s] Level 5:colcon.colcon_core.verb:set package 'my_rb1_gazebo' build argument 'clean_build' from command line to 'False'
[11.603s] Level 5:colcon.colcon_core.verb:set package 'my_rb1_gazebo' build argument 'cmake_args' from command line to 'None'
[11.603s] Level 5:colcon.colcon_core.verb:set package 'my_rb1_gazebo' build argument 'cmake_target' from command line to 'None'
[11.603s] Level 5:colcon.colcon_core.verb:set package 'my_rb1_gazebo' build argument 'cmake_target_skip_unavailable' from command line to 'False'
[11.603s] Level 5:colcon.colcon_core.verb:set package 'my_rb1_gazebo' build argument 'cmake_clean_cache' from command line to 'False'
[11.603s] Level 5:colcon.colcon_core.verb:set package 'my_rb1_gazebo' build argument 'cmake_clean_first' from command line to 'False'
[11.603s] Level 5:colcon.colcon_core.verb:set package 'my_rb1_gazebo' build argument 'cmake_force_configure' from command line to 'False'
[11.603s] Level 5:colcon.colcon_core.verb:set package 'my_rb1_gazebo' build argument 'ament_cmake_args' from command line to 'None'
[11.603s] Level 5:colcon.colcon_core.verb:set package 'my_rb1_gazebo' build argument 'catkin_cmake_args' from command line to 'None'
[11.603s] Level 5:colcon.colcon_core.verb:set package 'my_rb1_gazebo' build argument 'catkin_skip_building_tests' from command line to 'False'
[11.603s] DEBUG:colcon.colcon_core.verb:Building package 'my_rb1_gazebo' with the following arguments: {'ament_cmake_args': None, 'build_base': '/home/user/ros2_ws/src/my_rb1_robot/build/my_rb1_gazebo', 'cargo_args': None, 'catkin_cmake_args': None, 'catkin_skip_building_tests': False, 'clean_build': False, 'cmake_args': None, 'cmake_clean_cache': False, 'cmake_clean_first': False, 'cmake_force_configure': False, 'cmake_target': None, 'cmake_target_skip_unavailable': False, 'install_base': '/home/user/ros2_ws/src/my_rb1_robot/install/my_rb1_gazebo', 'lookup_in_workspace': False, 'merge_install': False, 'path': '/home/user/ros2_ws/src/my_rb1_robot/my_rb1_gazebo', 'symlink_install': False, 'test_result_base': None}
[11.603s] INFO:colcon.colcon_core.executor:Executing jobs using 'parallel' executor
[11.604s] DEBUG:colcon.colcon_parallel_executor.executor.parallel:run_until_complete
[11.605s] INFO:colcon.colcon_ros.task.ament_python.build:Building ROS package in '/home/user/ros2_ws/src/my_rb1_robot/my_rb1_description' with build type 'ament_python'
[11.605s] Level 1:colcon.colcon_core.shell:create_environment_hook('my_rb1_description', 'ament_prefix_path')
[11.616s] INFO:colcon.colcon_core.plugin_system:Skipping extension 'colcon_core.shell.bat': Not used on non-Windows systems
[11.617s] INFO:colcon.colcon_core.shell:Creating environment hook '/home/user/ros2_ws/src/my_rb1_robot/install/my_rb1_description/share/my_rb1_description/hook/ament_prefix_path.ps1'
[11.619s] INFO:colcon.colcon_core.shell:Creating environment descriptor '/home/user/ros2_ws/src/my_rb1_robot/install/my_rb1_description/share/my_rb1_description/hook/ament_prefix_path.dsv'
[11.619s] INFO:colcon.colcon_core.shell:Creating environment hook '/home/user/ros2_ws/src/my_rb1_robot/install/my_rb1_description/share/my_rb1_description/hook/ament_prefix_path.sh'
[11.620s] INFO:colcon.colcon_core.shell:Skip shell extension 'powershell' for command environment: Not usable outside of PowerShell
[11.620s] DEBUG:colcon.colcon_core.shell:Skip shell extension 'dsv' for command environment
[11.656s] INFO:colcon.colcon_ros.task.ament_python.build:Building ROS package in '/home/user/ros2_ws/src/my_rb1_robot/my_rb1_gazebo' with build type 'ament_python'
[11.657s] Level 1:colcon.colcon_core.shell:create_environment_hook('my_rb1_gazebo', 'ament_prefix_path')
[11.657s] INFO:colcon.colcon_core.shell:Creating environment hook '/home/user/ros2_ws/src/my_rb1_robot/install/my_rb1_gazebo/share/my_rb1_gazebo/hook/ament_prefix_path.ps1'
[11.657s] INFO:colcon.colcon_core.shell:Creating environment descriptor '/home/user/ros2_ws/src/my_rb1_robot/install/my_rb1_gazebo/share/my_rb1_gazebo/hook/ament_prefix_path.dsv'
[11.658s] INFO:colcon.colcon_core.shell:Creating environment hook '/home/user/ros2_ws/src/my_rb1_robot/install/my_rb1_gazebo/share/my_rb1_gazebo/hook/ament_prefix_path.sh'
[11.658s] INFO:colcon.colcon_core.shell:Skip shell extension 'powershell' for command environment: Not usable outside of PowerShell
[11.658s] DEBUG:colcon.colcon_core.shell:Skip shell extension 'dsv' for command environment
[11.918s] INFO:colcon.colcon_core.task.python.build:Building Python package in '/home/user/ros2_ws/src/my_rb1_robot/my_rb1_description'
[11.918s] INFO:colcon.colcon_core.shell:Skip shell extension 'powershell' for command environment: Not usable outside of PowerShell
[11.918s] DEBUG:colcon.colcon_core.shell:Skip shell extension 'dsv' for command environment
[12.168s] INFO:colcon.colcon_core.task.python.build:Building Python package in '/home/user/ros2_ws/src/my_rb1_robot/my_rb1_gazebo'
[12.168s] INFO:colcon.colcon_core.shell:Skip shell extension 'powershell' for command environment: Not usable outside of PowerShell
[12.168s] DEBUG:colcon.colcon_core.shell:Skip shell extension 'dsv' for command environment
[21.353s] DEBUG:colcon.colcon_core.event_handler.log_command:Invoking command in '/home/user/ros2_ws/src/my_rb1_robot/my_rb1_gazebo': PYTHONPATH=/home/user/ros2_ws/src/my_rb1_robot/build/my_rb1_gazebo/prefix_override:/usr/lib/python3/dist-packages/colcon_core/task/python/colcon_distutils_commands:/home/user/ros2_ws/src/my_rb1_robot/install/my_rb1_gazebo/lib/python3.10/site-packages:${PYTHONPATH} _=/usr/bin/env /usr/bin/python3 -W ignore:setup.py install is deprecated -W ignore:easy_install command is deprecated setup.py egg_info --egg-base ../build/my_rb1_gazebo build --build-base /home/user/ros2_ws/src/my_rb1_robot/build/my_rb1_gazebo/build install --record /home/user/ros2_ws/src/my_rb1_robot/build/my_rb1_gazebo/install.log --single-version-externally-managed install_data
[21.413s] DEBUG:colcon.colcon_core.event_handler.log_command:Invoking command in '/home/user/ros2_ws/src/my_rb1_robot/my_rb1_description': PYTHONPATH=/home/user/ros2_ws/src/my_rb1_robot/build/my_rb1_description/prefix_override:/usr/lib/python3/dist-packages/colcon_core/task/python/colcon_distutils_commands:/home/user/ros2_ws/src/my_rb1_robot/install/my_rb1_description/lib/python3.10/site-packages:${PYTHONPATH} _=/usr/bin/env /usr/bin/python3 -W ignore:setup.py install is deprecated -W ignore:easy_install command is deprecated setup.py egg_info --egg-base ../build/my_rb1_description build --build-base /home/user/ros2_ws/src/my_rb1_robot/build/my_rb1_description/build install --record /home/user/ros2_ws/src/my_rb1_robot/build/my_rb1_description/install.log --single-version-externally-managed install_data
[22.006s] DEBUG:colcon.colcon_core.event_handler.log_command:Invoked command in '/home/user/ros2_ws/src/my_rb1_robot/my_rb1_description' returned '0': PYTHONPATH=/home/user/ros2_ws/src/my_rb1_robot/build/my_rb1_description/prefix_override:/usr/lib/python3/dist-packages/colcon_core/task/python/colcon_distutils_commands:/home/user/ros2_ws/src/my_rb1_robot/install/my_rb1_description/lib/python3.10/site-packages:${PYTHONPATH} _=/usr/bin/env /usr/bin/python3 -W ignore:setup.py install is deprecated -W ignore:easy_install command is deprecated setup.py egg_info --egg-base ../build/my_rb1_description build --build-base /home/user/ros2_ws/src/my_rb1_robot/build/my_rb1_description/build install --record /home/user/ros2_ws/src/my_rb1_robot/build/my_rb1_description/install.log --single-version-externally-managed install_data
[22.019s] Level 1:colcon.colcon_core.environment:checking '/home/user/ros2_ws/src/my_rb1_robot/install/my_rb1_description' for CMake module files
[22.020s] Level 1:colcon.colcon_core.environment:checking '/home/user/ros2_ws/src/my_rb1_robot/install/my_rb1_description' for CMake config files
[22.020s] Level 1:colcon.colcon_core.environment:checking '/home/user/ros2_ws/src/my_rb1_robot/install/my_rb1_description/lib'
[22.020s] Level 1:colcon.colcon_core.environment:checking '/home/user/ros2_ws/src/my_rb1_robot/install/my_rb1_description/bin'
[22.021s] Level 1:colcon.colcon_core.environment:checking '/home/user/ros2_ws/src/my_rb1_robot/install/my_rb1_description/lib/pkgconfig/my_rb1_description.pc'
[22.021s] Level 1:colcon.colcon_core.environment:checking '/home/user/ros2_ws/src/my_rb1_robot/install/my_rb1_description/lib/python3.10/site-packages'
[22.021s] Level 1:colcon.colcon_core.shell:create_environment_hook('my_rb1_description', 'pythonpath')
[22.021s] INFO:colcon.colcon_core.shell:Creating environment hook '/home/user/ros2_ws/src/my_rb1_robot/install/my_rb1_description/share/my_rb1_description/hook/pythonpath.ps1'
[22.022s] INFO:colcon.colcon_core.shell:Creating environment descriptor '/home/user/ros2_ws/src/my_rb1_robot/install/my_rb1_description/share/my_rb1_description/hook/pythonpath.dsv'
[22.022s] INFO:colcon.colcon_core.shell:Creating environment hook '/home/user/ros2_ws/src/my_rb1_robot/install/my_rb1_description/share/my_rb1_description/hook/pythonpath.sh'
[22.022s] Level 1:colcon.colcon_core.environment:checking '/home/user/ros2_ws/src/my_rb1_robot/install/my_rb1_description/bin'
[22.022s] Level 1:colcon.colcon_core.environment:create_environment_scripts_only(my_rb1_description)
[22.023s] INFO:colcon.colcon_core.shell:Creating package script '/home/user/ros2_ws/src/my_rb1_robot/install/my_rb1_description/share/my_rb1_description/package.ps1'
[22.024s] INFO:colcon.colcon_core.shell:Creating package descriptor '/home/user/ros2_ws/src/my_rb1_robot/install/my_rb1_description/share/my_rb1_description/package.dsv'
[22.025s] INFO:colcon.colcon_core.shell:Creating package script '/home/user/ros2_ws/src/my_rb1_robot/install/my_rb1_description/share/my_rb1_description/package.sh'
[22.026s] INFO:colcon.colcon_core.shell:Creating package script '/home/user/ros2_ws/src/my_rb1_robot/install/my_rb1_description/share/my_rb1_description/package.bash'
[22.029s] INFO:colcon.colcon_core.shell:Creating package script '/home/user/ros2_ws/src/my_rb1_robot/install/my_rb1_description/share/my_rb1_description/package.zsh'
[22.030s] Level 1:colcon.colcon_core.environment:create_file_with_runtime_dependencies(/home/user/ros2_ws/src/my_rb1_robot/install/my_rb1_description/share/colcon-core/packages/my_rb1_description)
[22.031s] Level 1:colcon.colcon_core.environment:checking '/home/user/ros2_ws/src/my_rb1_robot/install/my_rb1_gazebo' for CMake module files
[22.032s] DEBUG:colcon.colcon_core.event_handler.log_command:Invoked command in '/home/user/ros2_ws/src/my_rb1_robot/my_rb1_gazebo' returned '0': PYTHONPATH=/home/user/ros2_ws/src/my_rb1_robot/build/my_rb1_gazebo/prefix_override:/usr/lib/python3/dist-packages/colcon_core/task/python/colcon_distutils_commands:/home/user/ros2_ws/src/my_rb1_robot/install/my_rb1_gazebo/lib/python3.10/site-packages:${PYTHONPATH} _=/usr/bin/env /usr/bin/python3 -W ignore:setup.py install is deprecated -W ignore:easy_install command is deprecated setup.py egg_info --egg-base ../build/my_rb1_gazebo build --build-base /home/user/ros2_ws/src/my_rb1_robot/build/my_rb1_gazebo/build install --record /home/user/ros2_ws/src/my_rb1_robot/build/my_rb1_gazebo/install.log --single-version-externally-managed install_data
[22.032s] Level 1:colcon.colcon_core.environment:checking '/home/user/ros2_ws/src/my_rb1_robot/install/my_rb1_gazebo' for CMake config files
[22.033s] Level 1:colcon.colcon_core.environment:checking '/home/user/ros2_ws/src/my_rb1_robot/install/my_rb1_gazebo/lib'
[22.033s] Level 1:colcon.colcon_core.environment:checking '/home/user/ros2_ws/src/my_rb1_robot/install/my_rb1_gazebo/bin'
[22.033s] Level 1:colcon.colcon_core.environment:checking '/home/user/ros2_ws/src/my_rb1_robot/install/my_rb1_gazebo/lib/pkgconfig/my_rb1_gazebo.pc'
[22.033s] Level 1:colcon.colcon_core.environment:checking '/home/user/ros2_ws/src/my_rb1_robot/install/my_rb1_gazebo/lib/python3.10/site-packages'
[22.033s] Level 1:colcon.colcon_core.shell:create_environment_hook('my_rb1_gazebo', 'pythonpath')
[22.033s] INFO:colcon.colcon_core.shell:Creating environment hook '/home/user/ros2_ws/src/my_rb1_robot/install/my_rb1_gazebo/share/my_rb1_gazebo/hook/pythonpath.ps1'
[22.034s] INFO:colcon.colcon_core.shell:Creating environment descriptor '/home/user/ros2_ws/src/my_rb1_robot/install/my_rb1_gazebo/share/my_rb1_gazebo/hook/pythonpath.dsv'
[22.034s] INFO:colcon.colcon_core.shell:Creating environment hook '/home/user/ros2_ws/src/my_rb1_robot/install/my_rb1_gazebo/share/my_rb1_gazebo/hook/pythonpath.sh'
[22.035s] Level 1:colcon.colcon_core.environment:checking '/home/user/ros2_ws/src/my_rb1_robot/install/my_rb1_gazebo/bin'
[22.035s] Level 1:colcon.colcon_core.environment:create_environment_scripts_only(my_rb1_gazebo)
[22.035s] INFO:colcon.colcon_core.shell:Creating package script '/home/user/ros2_ws/src/my_rb1_robot/install/my_rb1_gazebo/share/my_rb1_gazebo/package.ps1'
[22.035s] INFO:colcon.colcon_core.shell:Creating package descriptor '/home/user/ros2_ws/src/my_rb1_robot/install/my_rb1_gazebo/share/my_rb1_gazebo/package.dsv'
[22.036s] INFO:colcon.colcon_core.shell:Creating package script '/home/user/ros2_ws/src/my_rb1_robot/install/my_rb1_gazebo/share/my_rb1_gazebo/package.sh'
[22.036s] INFO:colcon.colcon_core.shell:Creating package script '/home/user/ros2_ws/src/my_rb1_robot/install/my_rb1_gazebo/share/my_rb1_gazebo/package.bash'
[22.037s] INFO:colcon.colcon_core.shell:Creating package script '/home/user/ros2_ws/src/my_rb1_robot/install/my_rb1_gazebo/share/my_rb1_gazebo/package.zsh'
[22.037s] Level 1:colcon.colcon_core.environment:create_file_with_runtime_dependencies(/home/user/ros2_ws/src/my_rb1_robot/install/my_rb1_gazebo/share/colcon-core/packages/my_rb1_gazebo)
[22.037s] DEBUG:colcon.colcon_parallel_executor.executor.parallel:closing loop
[22.037s] DEBUG:colcon.colcon_parallel_executor.executor.parallel:loop closed
[22.038s] DEBUG:colcon.colcon_parallel_executor.executor.parallel:run_until_complete finished with '0'
[22.038s] DEBUG:colcon.colcon_core.event_reactor:joining thread
[22.822s] INFO:colcon.colcon_core.plugin_system:Skipping extension 'colcon_notification.desktop_notification.notify_send': Could not find 'notify-send'
[22.822s] INFO:colcon.colcon_core.plugin_system:Skipping extension 'colcon_notification.desktop_notification.terminal_notifier': Not used on non-Darwin systems
[22.822s] INFO:colcon.colcon_core.plugin_system:Skipping extension 'colcon_notification.desktop_notification.win32': Not used on non-Windows systems
[22.822s] INFO:colcon.colcon_notification.desktop_notification:Sending desktop notification using 'notify2'
[22.825s] DEBUG:colcon.colcon_notification.desktop_notification.notify2:Failed to initialize notify2: org.freedesktop.DBus.Error.Spawn.ExecFailed: /usr/bin/dbus-launch terminated abnormally without any error message
[22.825s] DEBUG:colcon.colcon_core.event_reactor:joined thread
[22.826s] INFO:colcon.colcon_core.shell:Creating prefix script '/home/user/ros2_ws/src/my_rb1_robot/install/local_setup.ps1'
[22.828s] INFO:colcon.colcon_core.shell:Creating prefix util module '/home/user/ros2_ws/src/my_rb1_robot/install/_local_setup_util_ps1.py'
[22.829s] INFO:colcon.colcon_core.shell:Creating prefix chain script '/home/user/ros2_ws/src/my_rb1_robot/install/setup.ps1'
[22.832s] INFO:colcon.colcon_core.shell:Creating prefix script '/home/user/ros2_ws/src/my_rb1_robot/install/local_setup.sh'
[22.833s] INFO:colcon.colcon_core.shell:Creating prefix util module '/home/user/ros2_ws/src/my_rb1_robot/install/_local_setup_util_sh.py'
[22.834s] INFO:colcon.colcon_core.shell:Creating prefix chain script '/home/user/ros2_ws/src/my_rb1_robot/install/setup.sh'
[22.837s] INFO:colcon.colcon_core.shell:Creating prefix script '/home/user/ros2_ws/src/my_rb1_robot/install/local_setup.bash'
[22.838s] INFO:colcon.colcon_core.shell:Creating prefix chain script '/home/user/ros2_ws/src/my_rb1_robot/install/setup.bash'
[22.841s] INFO:colcon.colcon_core.shell:Creating prefix script '/home/user/ros2_ws/src/my_rb1_robot/install/local_setup.zsh'
[22.842s] INFO:colcon.colcon_core.shell:Creating prefix chain script '/home/user/ros2_ws/src/my_rb1_robot/install/setup.zsh'
