[9.807s] Invoking command in '/home/user/ros2_ws/src/my_rb1_robot/my_rb1_description': PYTHONPATH=/home/user/ros2_ws/src/my_rb1_robot/build/my_rb1_description/prefix_override:/usr/lib/python3/dist-packages/colcon_core/task/python/colcon_distutils_commands:/home/user/ros2_ws/src/my_rb1_robot/install/my_rb1_description/lib/python3.10/site-packages:${PYTHONPATH} _=/usr/bin/env /usr/bin/python3 -W ignore:setup.py install is deprecated -W ignore:easy_install command is deprecated setup.py egg_info --egg-base ../build/my_rb1_description build --build-base /home/user/ros2_ws/src/my_rb1_robot/build/my_rb1_description/build install --record /home/user/ros2_ws/src/my_rb1_robot/build/my_rb1_description/install.log --single-version-externally-managed install_data
[9.995s] /usr/local/lib/python3.10/dist-packages/setuptools/_distutils/dist.py:289: UserWarning: Unknown distribution option: 'tests_require'
[9.995s]   warnings.warn(msg)
[10.106s] running egg_info
[10.124s] creating ../build/my_rb1_description/my_rb1_description.egg-info
[10.124s] writing ../build/my_rb1_description/my_rb1_description.egg-info/PKG-INFO
[10.124s] writing dependency_links to ../build/my_rb1_description/my_rb1_description.egg-info/dependency_links.txt
[10.125s] writing requirements to ../build/my_rb1_description/my_rb1_description.egg-info/requires.txt
[10.125s] writing top-level names to ../build/my_rb1_description/my_rb1_description.egg-info/top_level.txt
[10.125s] writing manifest file '../build/my_rb1_description/my_rb1_description.egg-info/SOURCES.txt'
[10.162s] reading manifest file '../build/my_rb1_description/my_rb1_description.egg-info/SOURCES.txt'
[10.163s] writing manifest file '../build/my_rb1_description/my_rb1_description.egg-info/SOURCES.txt'
[10.164s] running build
[10.164s] running build_py
[10.164s] creating /home/user/ros2_ws/src/my_rb1_robot/build/my_rb1_description/build/lib/my_rb1_description
[10.164s] copying my_rb1_description/__init__.py -> /home/user/ros2_ws/src/my_rb1_robot/build/my_rb1_description/build/lib/my_rb1_description
[10.164s] running install
[10.169s] running install_lib
[10.187s] creating /home/user/ros2_ws/src/my_rb1_robot/install/my_rb1_description/lib/python3.10/site-packages/my_rb1_description
[10.187s] copying /home/user/ros2_ws/src/my_rb1_robot/build/my_rb1_description/build/lib/my_rb1_description/__init__.py -> /home/user/ros2_ws/src/my_rb1_robot/install/my_rb1_description/lib/python3.10/site-packages/my_rb1_description
[10.188s] byte-compiling /home/user/ros2_ws/src/my_rb1_robot/install/my_rb1_description/lib/python3.10/site-packages/my_rb1_description/__init__.py to __init__.cpython-310.pyc
[10.188s] running install_data
[10.188s] creating /home/user/ros2_ws/src/my_rb1_robot/install/my_rb1_description/share/ament_index/resource_index/packages
[10.188s] copying resource/my_rb1_description -> /home/user/ros2_ws/src/my_rb1_robot/install/my_rb1_description/share/ament_index/resource_index/packages
[10.188s] copying package.xml -> /home/user/ros2_ws/src/my_rb1_robot/install/my_rb1_description/share/my_rb1_description
[10.189s] creating /home/user/ros2_ws/src/my_rb1_robot/install/my_rb1_description/share/my_rb1_description/urdf
[10.189s] copying urdf/my_rb1_robot.urdf -> /home/user/ros2_ws/src/my_rb1_robot/install/my_rb1_description/share/my_rb1_description/urdf
[10.189s] creating /home/user/ros2_ws/src/my_rb1_robot/install/my_rb1_description/share/my_rb1_description/launch
[10.189s] copying launch/display.launch.py -> /home/user/ros2_ws/src/my_rb1_robot/install/my_rb1_description/share/my_rb1_description/launch
[10.189s] creating /home/user/ros2_ws/src/my_rb1_robot/install/my_rb1_description/share/my_rb1_description/rviz
[10.189s] running install_egg_info
[10.208s] Copying ../build/my_rb1_description/my_rb1_description.egg-info to /home/user/ros2_ws/src/my_rb1_robot/install/my_rb1_description/lib/python3.10/site-packages/my_rb1_description-0.0.0-py3.10.egg-info
[10.209s] running install_scripts
[10.373s] writing list of installed files to '/home/user/ros2_ws/src/my_rb1_robot/build/my_rb1_description/install.log'
[10.401s] Invoked command in '/home/user/ros2_ws/src/my_rb1_robot/my_rb1_description' returned '0': PYTHONPATH=/home/user/ros2_ws/src/my_rb1_robot/build/my_rb1_description/prefix_override:/usr/lib/python3/dist-packages/colcon_core/task/python/colcon_distutils_commands:/home/user/ros2_ws/src/my_rb1_robot/install/my_rb1_description/lib/python3.10/site-packages:${PYTHONPATH} _=/usr/bin/env /usr/bin/python3 -W ignore:setup.py install is deprecated -W ignore:easy_install command is deprecated setup.py egg_info --egg-base ../build/my_rb1_description build --build-base /home/user/ros2_ws/src/my_rb1_robot/build/my_rb1_description/build install --record /home/user/ros2_ws/src/my_rb1_robot/build/my_rb1_description/install.log --single-version-externally-managed install_data
